# JRE version: OpenJDK Runtime Environment (8.0_202-b03) (build 1.8.0_202-release-1483-b03)
# Java VM: OpenJDK 64-Bit Server VM (25.202-b03 mixed mode windows-amd64 compressed oops)
Heap:
 PSYoungGen      total 497664K, used 229534K [0x00000000e0000000, 0x00000000ffe80000, 0x0000000100000000)
  eden space 473600K, 46% used [0x00000000e0000000,0x00000000ed5fff40,0x00000000fce80000)
  from space 24064K, 43% used [0x00000000fe700000,0x00000000ff127af8,0x00000000ffe80000)
  to   space 24576K, 0% used [0x00000000fce80000,0x00000000fce80000,0x00000000fe680000)
 ParOldGen       total 250880K, used 88436K [0x00000000a0000000, 0x00000000af500000, 0x00000000e0000000)
  object space 250880K, 35% used [0x00000000a0000000,0x00000000a565d270,0x00000000af500000)
 Metaspace       used 76063K, capacity 78954K, committed 79064K, reserved 1118208K
  class space    used 9821K, capacity 10428K, committed 10496K, reserved 1048576K
GC Heap History (10 events):
Event: 58.909 GC heap before
{Heap before GC invocations=25 (full 3):
 PSYoungGen      total 445952K, used 436998K [0x00000000e0000000, 0x0000000100000000, 0x0000000100000000)
  eden space 419840K, 100% used [0x00000000e0000000,0x00000000f9a00000,0x00000000f9a00000)
  from space 26112K, 65% used [0x00000000f9a00000,0x00000000faac1b50,0x00000000fb380000)
  to   space 26112K, 0% used [0x00000000fe680000,0x00000000fe680000,0x0000000100000000)
 ParOldGen       total 250880K, used 70404K [0x00000000a0000000, 0x00000000af500000, 0x00000000e0000000)
  object space 250880K, 28% used [0x00000000a0000000,0x00000000a44c1380,0x00000000af500000)
 Metaspace       used 75947K, capacity 78756K, committed 79064K, reserved 1118208K
  class space    used 9817K, capacity 10427K, committed 10496K, reserved 1048576K
Event: 58.981 GC heap after
Heap after GC invocations=25 (full 3):
 PSYoungGen      total 498176K, used 18124K [0x00000000e0000000, 0x0000000100000000, 0x0000000100000000)
  eden space 472064K, 0% used [0x00000000e0000000,0x00000000e0000000,0x00000000fcd00000)
  from space 26112K, 69% used [0x00000000fe680000,0x00000000ff833110,0x0000000100000000)
  to   space 26112K, 0% used [0x00000000fcd00000,0x00000000fcd00000,0x00000000fe680000)
 ParOldGen       total 250880K, used 72548K [0x00000000a0000000, 0x00000000af500000, 0x00000000e0000000)
  object space 250880K, 28% used [0x00000000a0000000,0x00000000a46d93f0,0x00000000af500000)
 Metaspace       used 75947K, capacity 78756K, committed 79064K, reserved 1118208K
  class space    used 9817K, capacity 10427K, committed 10496K, reserved 1048576K
}
Event: 59.815 GC heap before
{Heap before GC invocations=26 (full 3):
 PSYoungGen      total 498176K, used 490188K [0x00000000e0000000, 0x0000000100000000, 0x0000000100000000)
  eden space 472064K, 100% used [0x00000000e0000000,0x00000000fcd00000,0x00000000fcd00000)
  from space 26112K, 69% used [0x00000000fe680000,0x00000000ff833110,0x0000000100000000)
  to   space 26112K, 0% used [0x00000000fcd00000,0x00000000fcd00000,0x00000000fe680000)
 ParOldGen       total 250880K, used 72548K [0x00000000a0000000, 0x00000000af500000, 0x00000000e0000000)
  object space 250880K, 28% used [0x00000000a0000000,0x00000000a46d93f0,0x00000000af500000)
 Metaspace       used 75968K, capacity 78884K, committed 79064K, reserved 1118208K
  class space    used 9818K, capacity 10427K, committed 10496K, reserved 1048576K
Event: 59.852 GC heap after
Heap after GC invocations=26 (full 3):
 PSYoungGen      total 487424K, used 15008K [0x00000000e0000000, 0x00000000ffe00000, 0x0000000100000000)
  eden space 472064K, 0% used [0x00000000e0000000,0x00000000e0000000,0x00000000fcd00000)
  from space 15360K, 97% used [0x00000000fcd00000,0x00000000fdba82d0,0x00000000fdc00000)
  to   space 25088K, 0% used [0x00000000fe580000,0x00000000fe580000,0x00000000ffe00000)
 ParOldGen       total 250880K, used 78864K [0x00000000a0000000, 0x00000000af500000, 0x00000000e0000000)
  object space 250880K, 31% used [0x00000000a0000000,0x00000000a4d04250,0x00000000af500000)
 Metaspace       used 75968K, capacity 78884K, committed 79064K, reserved 1118208K
  class space    used 9818K, capacity 10427K, committed 10496K, reserved 1048576K
}
Event: 61.758 GC heap before
{Heap before GC invocations=27 (full 3):
 PSYoungGen      total 487424K, used 487072K [0x00000000e0000000, 0x00000000ffe00000, 0x0000000100000000)
  eden space 472064K, 100% used [0x00000000e0000000,0x00000000fcd00000,0x00000000fcd00000)
  from space 15360K, 97% used [0x00000000fcd00000,0x00000000fdba82d0,0x00000000fdc00000)
  to   space 25088K, 0% used [0x00000000fe580000,0x00000000fe580000,0x00000000ffe00000)
 ParOldGen       total 250880K, used 78864K [0x00000000a0000000, 0x00000000af500000, 0x00000000e0000000)
  object space 250880K, 31% used [0x00000000a0000000,0x00000000a4d04280,0x00000000af500000)
 Metaspace       used 76011K, capacity 78890K, committed 79064K, reserved 1118208K
  class space    used 9818K, capacity 10428K, committed 10496K, reserved 1048576K
Event: 61.799 GC heap after
Heap after GC invocations=27 (full 3):
 PSYoungGen      total 496640K, used 6944K [0x00000000e0000000, 0x0000000100000000, 0x0000000100000000)
  eden space 471552K, 0% used [0x00000000e0000000,0x00000000e0000000,0x00000000fcc80000)
  from space 25088K, 27% used [0x00000000fe580000,0x00000000fec48080,0x00000000ffe00000)
  to   space 25600K, 0% used [0x00000000fcc80000,0x00000000fcc80000,0x00000000fe580000)
 ParOldGen       total 250880K, used 83025K [0x00000000a0000000, 0x00000000af500000, 0x00000000e0000000)
  object space 250880K, 33% used [0x00000000a0000000,0x00000000a5114500,0x00000000af500000)
 Metaspace       used 76011K, capacity 78890K, committed 79064K, reserved 1118208K
  class space    used 9818K, capacity 10428K, committed 10496K, reserved 1048576K
}
Event: 62.895 GC heap before
{Heap before GC invocations=28 (full 3):
 PSYoungGen      total 496640K, used 478496K [0x00000000e0000000, 0x0000000100000000, 0x0000000100000000)
  eden space 471552K, 100% used [0x00000000e0000000,0x00000000fcc80000,0x00000000fcc80000)
  from space 25088K, 27% used [0x00000000fe580000,0x00000000fec48080,0x00000000ffe00000)
  to   space 25600K, 0% used [0x00000000fcc80000,0x00000000fcc80000,0x00000000fe580000)
 ParOldGen       total 250880K, used 83068K [0x00000000a0000000, 0x00000000af500000, 0x00000000e0000000)
  object space 250880K, 33% used [0x00000000a0000000,0x00000000a511f218,0x00000000af500000)
 Metaspace       used 76044K, capacity 78890K, committed 79064K, reserved 1118208K
  class space    used 9820K, capacity 10428K, committed 10496K, reserved 1048576K
Event: 62.912 GC heap after
Heap after GC invocations=28 (full 3):
 PSYoungGen      total 497152K, used 9363K [0x00000000e0000000, 0x00000000fff80000, 0x0000000100000000)
  eden space 471552K, 0% used [0x00000000e0000000,0x00000000e0000000,0x00000000fcc80000)
  from space 25600K, 36% used [0x00000000fcc80000,0x00000000fd5a4f70,0x00000000fe580000)
  to   space 25088K, 0% used [0x00000000fe700000,0x00000000fe700000,0x00000000fff80000)
 ParOldGen       total 250880K, used 84084K [0x00000000a0000000, 0x00000000af500000, 0x00000000e0000000)
  object space 250880K, 33% used [0x00000000a0000000,0x00000000a521d218,0x00000000af500000)
 Metaspace       used 76044K, capacity 78890K, committed 79064K, reserved 1118208K
  class space    used 9820K, capacity 10428K, committed 10496K, reserved 1048576K
}
Event: 64.396 GC heap before
{Heap before GC invocations=29 (full 3):
 PSYoungGen      total 497152K, used 480915K [0x00000000e0000000, 0x00000000fff80000, 0x0000000100000000)
  eden space 471552K, 100% used [0x00000000e0000000,0x00000000fcc80000,0x00000000fcc80000)
  from space 25600K, 36% used [0x00000000fcc80000,0x00000000fd5a4f70,0x00000000fe580000)
  to   space 25088K, 0% used [0x00000000fe700000,0x00000000fe700000,0x00000000fff80000)
 ParOldGen       total 250880K, used 84084K [0x00000000a0000000, 0x00000000af500000, 0x00000000e0000000)
  object space 250880K, 33% used [0x00000000a0000000,0x00000000a521d218,0x00000000af500000)
 Metaspace       used 76056K, capacity 78954K, committed 79064K, reserved 1118208K
  class space    used 9821K, capacity 10428K, committed 10496K, reserved 1048576K
Event: 64.410 GC heap after
Heap after GC invocations=29 (full 3):
 PSYoungGen      total 497664K, used 10398K [0x00000000e0000000, 0x00000000ffe80000, 0x0000000100000000)
  eden space 473600K, 0% used [0x00000000e0000000,0x00000000e0000000,0x00000000fce80000)
  from space 24064K, 43% used [0x00000000fe700000,0x00000000ff127af8,0x00000000ffe80000)
  to   space 24576K, 0% used [0x00000000fce80000,0x00000000fce80000,0x00000000fe680000)
 ParOldGen       total 250880K, used 88436K [0x00000000a0000000, 0x00000000af500000, 0x00000000e0000000)
  object space 250880K, 35% used [0x00000000a0000000,0x00000000a565d270,0x00000000af500000)
 Metaspace       used 76056K, capacity 78954K, committed 79064K, reserved 1118208K
  class space    used 9821K, capacity 10428K, committed 10496K, reserved 1048576K
}

