# JRE version: OpenJDK Runtime Environment (8.0_202-b03) (build 1.8.0_202-release-1483-b03)
# Java VM: OpenJDK 64-Bit Server VM (25.202-b03 mixed mode windows-amd64 compressed oops)
Heap:
 PSYoungGen      total 167936K, used 121222K [0x00000000e0000000, 0x00000000ee280000, 0x0000000100000000)
  eden space 115712K, 59% used [0x00000000e0000000,0x00000000e4362f68,0x00000000e7100000)
  from space 52224K, 99% used [0x00000000e7100000,0x00000000ea3fe8e0,0x00000000ea400000)
  to   space 47616K, 0% used [0x00000000ea400000,0x00000000ea400000,0x00000000ed280000)
 ParOldGen       total 400384K, used 63453K [0x00000000a0000000, 0x00000000b8700000, 0x00000000e0000000)
  object space 400384K, 15% used [0x00000000a0000000,0x00000000a3df75a8,0x00000000b8700000)
 Metaspace       used 95536K, capacity 99080K, committed 100568K, reserved 1136640K
  class space    used 12181K, capacity 12924K, committed 13312K, reserved 1048576K
GC Heap History (10 events):
Event: 12773.908 GC heap before
{Heap before GC invocations=23 (full 3):
 PSYoungGen      total 140288K, used 82004K [0x00000000e0000000, 0x00000000ec000000, 0x0000000100000000)
  eden space 98304K, 49% used [0x00000000e0000000,0x00000000e2f89610,0x00000000e6000000)
  from space 41984K, 79% used [0x00000000e6000000,0x00000000e808ba30,0x00000000e8900000)
  to   space 45056K, 0% used [0x00000000e9400000,0x00000000e9400000,0x00000000ec000000)
 ParOldGen       total 274944K, used 81135K [0x00000000a0000000, 0x00000000b0c80000, 0x00000000e0000000)
  object space 274944K, 29% used [0x00000000a0000000,0x00000000a4f3bf18,0x00000000b0c80000)
 Metaspace       used 93887K, capacity 98132K, committed 98264K, reserved 1134592K
  class space    used 12108K, capacity 12964K, committed 13056K, reserved 1048576K
Event: 12773.951 GC heap after
Heap after GC invocations=23 (full 3):
 PSYoungGen      total 150016K, used 31918K [0x00000000e0000000, 0x00000000ec880000, 0x0000000100000000)
  eden space 104960K, 0% used [0x00000000e0000000,0x00000000e0000000,0x00000000e6680000)
  from space 45056K, 70% used [0x00000000e9400000,0x00000000eb32ba00,0x00000000ec000000)
  to   space 46592K, 0% used [0x00000000e6680000,0x00000000e6680000,0x00000000e9400000)
 ParOldGen       total 274944K, used 81143K [0x00000000a0000000, 0x00000000b0c80000, 0x00000000e0000000)
  object space 274944K, 29% used [0x00000000a0000000,0x00000000a4f3df18,0x00000000b0c80000)
 Metaspace       used 93887K, capacity 98132K, committed 98264K, reserved 1134592K
  class space    used 12108K, capacity 12964K, committed 13056K, reserved 1048576K
}
Event: 12773.951 GC heap before
{Heap before GC invocations=24 (full 4):
 PSYoungGen      total 150016K, used 31918K [0x00000000e0000000, 0x00000000ec880000, 0x0000000100000000)
  eden space 104960K, 0% used [0x00000000e0000000,0x00000000e0000000,0x00000000e6680000)
  from space 45056K, 70% used [0x00000000e9400000,0x00000000eb32ba00,0x00000000ec000000)
  to   space 46592K, 0% used [0x00000000e6680000,0x00000000e6680000,0x00000000e9400000)
 ParOldGen       total 274944K, used 81143K [0x00000000a0000000, 0x00000000b0c80000, 0x00000000e0000000)
  object space 274944K, 29% used [0x00000000a0000000,0x00000000a4f3df18,0x00000000b0c80000)
 Metaspace       used 93887K, capacity 98132K, committed 98264K, reserved 1134592K
  class space    used 12108K, capacity 12964K, committed 13056K, reserved 1048576K
Event: 12774.482 GC heap after
Heap after GC invocations=24 (full 4):
 PSYoungGen      total 150016K, used 0K [0x00000000e0000000, 0x00000000ec880000, 0x0000000100000000)
  eden space 104960K, 0% used [0x00000000e0000000,0x00000000e0000000,0x00000000e6680000)
  from space 45056K, 0% used [0x00000000e9400000,0x00000000e9400000,0x00000000ec000000)
  to   space 46592K, 0% used [0x00000000e6680000,0x00000000e6680000,0x00000000e9400000)
 ParOldGen       total 400384K, used 60226K [0x00000000a0000000, 0x00000000b8700000, 0x00000000e0000000)
  object space 400384K, 15% used [0x00000000a0000000,0x00000000a3ad0a60,0x00000000b8700000)
 Metaspace       used 92811K, capacity 96078K, committed 98264K, reserved 1134592K
  class space    used 11892K, capacity 12575K, committed 13056K, reserved 1048576K
}
Event: 12776.064 GC heap before
{Heap before GC invocations=25 (full 4):
 PSYoungGen      total 150016K, used 104960K [0x00000000e0000000, 0x00000000ec880000, 0x0000000100000000)
  eden space 104960K, 100% used [0x00000000e0000000,0x00000000e6680000,0x00000000e6680000)
  from space 45056K, 0% used [0x00000000e9400000,0x00000000e9400000,0x00000000ec000000)
  to   space 46592K, 0% used [0x00000000e6680000,0x00000000e6680000,0x00000000e9400000)
 ParOldGen       total 400384K, used 60226K [0x00000000a0000000, 0x00000000b8700000, 0x00000000e0000000)
  object space 400384K, 15% used [0x00000000a0000000,0x00000000a3ad0a60,0x00000000b8700000)
 Metaspace       used 94306K, capacity 97828K, committed 99416K, reserved 1136640K
  class space    used 12040K, capacity 12772K, committed 13184K, reserved 1048576K
Event: 12776.078 GC heap after
Heap after GC invocations=25 (full 4):
 PSYoungGen      total 151552K, used 1557K [0x00000000e0000000, 0x00000000ed280000, 0x0000000100000000)
  eden space 104960K, 0% used [0x00000000e0000000,0x00000000e0000000,0x00000000e6680000)
  from space 46592K, 3% used [0x00000000e6680000,0x00000000e68056b8,0x00000000e9400000)
  to   space 47616K, 0% used [0x00000000ea400000,0x00000000ea400000,0x00000000ed280000)
 ParOldGen       total 400384K, used 60234K [0x00000000a0000000, 0x00000000b8700000, 0x00000000e0000000)
  object space 400384K, 15% used [0x00000000a0000000,0x00000000a3ad2a60,0x00000000b8700000)
 Metaspace       used 94306K, capacity 97828K, committed 99416K, reserved 1136640K
  class space    used 12040K, capacity 12772K, committed 13184K, reserved 1048576K
}
Event: 12777.170 GC heap before
{Heap before GC invocations=26 (full 4):
 PSYoungGen      total 151552K, used 106517K [0x00000000e0000000, 0x00000000ed280000, 0x0000000100000000)
  eden space 104960K, 100% used [0x00000000e0000000,0x00000000e6680000,0x00000000e6680000)
  from space 46592K, 3% used [0x00000000e6680000,0x00000000e68056b8,0x00000000e9400000)
  to   space 47616K, 0% used [0x00000000ea400000,0x00000000ea400000,0x00000000ed280000)
 ParOldGen       total 400384K, used 60234K [0x00000000a0000000, 0x00000000b8700000, 0x00000000e0000000)
  object space 400384K, 15% used [0x00000000a0000000,0x00000000a3ad2a60,0x00000000b8700000)
 Metaspace       used 95240K, capacity 98872K, committed 100312K, reserved 1136640K
  class space    used 12174K, capacity 12924K, committed 13312K, reserved 1048576K
Event: 12777.266 GC heap after
Heap after GC invocations=26 (full 4):
 PSYoungGen      total 163328K, used 40245K [0x00000000e0000000, 0x00000000ee280000, 0x0000000100000000)
  eden space 115712K, 0% used [0x00000000e0000000,0x00000000e0000000,0x00000000e7100000)
  from space 47616K, 84% used [0x00000000ea400000,0x00000000ecb4d758,0x00000000ed280000)
  to   space 52224K, 0% used [0x00000000e7100000,0x00000000e7100000,0x00000000ea400000)
 ParOldGen       total 400384K, used 60234K [0x00000000a0000000, 0x00000000b8700000, 0x00000000e0000000)
  object space 400384K, 15% used [0x00000000a0000000,0x00000000a3ad2a60,0x00000000b8700000)
 Metaspace       used 95240K, capacity 98872K, committed 100312K, reserved 1136640K
  class space    used 12174K, capacity 12924K, committed 13312K, reserved 1048576K
}
Event: 12778.493 GC heap before
{Heap before GC invocations=27 (full 4):
 PSYoungGen      total 163328K, used 155957K [0x00000000e0000000, 0x00000000ee280000, 0x0000000100000000)
  eden space 115712K, 100% used [0x00000000e0000000,0x00000000e7100000,0x00000000e7100000)
  from space 47616K, 84% used [0x00000000ea400000,0x00000000ecb4d758,0x00000000ed280000)
  to   space 52224K, 0% used [0x00000000e7100000,0x00000000e7100000,0x00000000ea400000)
 ParOldGen       total 400384K, used 60234K [0x00000000a0000000, 0x00000000b8700000, 0x00000000e0000000)
  object space 400384K, 15% used [0x00000000a0000000,0x00000000a3ad2a60,0x00000000b8700000)
 Metaspace       used 95463K, capacity 99016K, committed 100568K, reserved 1136640K
  class space    used 12181K, capacity 12924K, committed 13312K, reserved 1048576K
Event: 12778.555 GC heap after
Heap after GC invocations=27 (full 4):
 PSYoungGen      total 167936K, used 52218K [0x00000000e0000000, 0x00000000ee280000, 0x0000000100000000)
  eden space 115712K, 0% used [0x00000000e0000000,0x00000000e0000000,0x00000000e7100000)
  from space 52224K, 99% used [0x00000000e7100000,0x00000000ea3fe8e0,0x00000000ea400000)
  to   space 47616K, 0% used [0x00000000ea400000,0x00000000ea400000,0x00000000ed280000)
 ParOldGen       total 400384K, used 63453K [0x00000000a0000000, 0x00000000b8700000, 0x00000000e0000000)
  object space 400384K, 15% used [0x00000000a0000000,0x00000000a3df75a8,0x00000000b8700000)
 Metaspace       used 95463K, capacity 99016K, committed 100568K, reserved 1136640K
  class space    used 12181K, capacity 12924K, committed 13312K, reserved 1048576K
}

